# JRE version: Java(TM) SE Runtime Environment (8.0_201-b09) (build 1.8.0_201-b09)
# Java VM: Java HotSpot(TM) 64-Bit Server VM (25.201-b09 mixed mode windows-amd64 compressed oops)
Heap:
 PSYoungGen      total 31744K, used 13647K [0x00000000ed800000, 0x00000000f1600000, 0x0000000100000000)
  eden space 29696K, 39% used [0x00000000ed800000,0x00000000ee35bd48,0x00000000ef500000)
  from space 2048K, 98% used [0x00000000ef500000,0x00000000ef6f8010,0x00000000ef700000)
  to   space 2048K, 0% used [0x00000000f1400000,0x00000000f1400000,0x00000000f1600000)
 ParOldGen       total 38400K, used 3490K [0x00000000c8800000, 0x00000000cad80000, 0x00000000ed800000)
  object space 38400K, 9% used [0x00000000c8800000,0x00000000c8b688b0,0x00000000cad80000)
 Metaspace       used 13945K, capacity 14650K, committed 14720K, reserved 1062912K
  class space    used 1717K, capacity 1913K, committed 1920K, reserved 1048576K
GC Heap History (6 events):
Event: 2.796 GC heap before
{Heap before GC invocations=1 (full 0):
 PSYoungGen      total 16896K, used 14848K [0x00000000ed800000, 0x00000000eea80000, 0x0000000100000000)
  eden space 14848K, 100% used [0x00000000ed800000,0x00000000ee680000,0x00000000ee680000)
  from space 2048K, 0% used [0x00000000ee880000,0x00000000ee880000,0x00000000eea80000)
  to   space 2048K, 0% used [0x00000000ee680000,0x00000000ee680000,0x00000000ee880000)
 ParOldGen       total 38400K, used 0K [0x00000000c8800000, 0x00000000cad80000, 0x00000000ed800000)
  object space 38400K, 0% used [0x00000000c8800000,0x00000000c8800000,0x00000000cad80000)
 Metaspace       used 6714K, capacity 6758K, committed 7040K, reserved 1056768K
  class space    used 759K, capacity 785K, committed 896K, reserved 1048576K
Event: 2.886 GC heap after
Heap after GC invocations=1 (full 0):
 PSYoungGen      total 16896K, used 1999K [0x00000000ed800000, 0x00000000ef900000, 0x0000000100000000)
  eden space 14848K, 0% used [0x00000000ed800000,0x00000000ed800000,0x00000000ee680000)
  from space 2048K, 97% used [0x00000000ee680000,0x00000000ee873c00,0x00000000ee880000)
  to   space 2048K, 0% used [0x00000000ef700000,0x00000000ef700000,0x00000000ef900000)
 ParOldGen       total 38400K, used 0K [0x00000000c8800000, 0x00000000cad80000, 0x00000000ed800000)
  object space 38400K, 0% used [0x00000000c8800000,0x00000000c8800000,0x00000000cad80000)
 Metaspace       used 6714K, capacity 6758K, committed 7040K, reserved 1056768K
  class space    used 759K, capacity 785K, committed 896K, reserved 1048576K
}
Event: 5.624 GC heap before
{Heap before GC invocations=2 (full 0):
 PSYoungGen      total 16896K, used 16847K [0x00000000ed800000, 0x00000000ef900000, 0x0000000100000000)
  eden space 14848K, 100% used [0x00000000ed800000,0x00000000ee680000,0x00000000ee680000)
  from space 2048K, 97% used [0x00000000ee680000,0x00000000ee873c00,0x00000000ee880000)
  to   space 2048K, 0% used [0x00000000ef700000,0x00000000ef700000,0x00000000ef900000)
 ParOldGen       total 38400K, used 0K [0x00000000c8800000, 0x00000000cad80000, 0x00000000ed800000)
  object space 38400K, 0% used [0x00000000c8800000,0x00000000c8800000,0x00000000cad80000)
 Metaspace       used 9389K, capacity 9700K, committed 9984K, reserved 1058816K
  class space    used 1058K, capacity 1162K, committed 1280K, reserved 1048576K
Event: 5.642 GC heap after
Heap after GC invocations=2 (full 0):
 PSYoungGen      total 31744K, used 2032K [0x00000000ed800000, 0x00000000ef900000, 0x0000000100000000)
  eden space 29696K, 0% used [0x00000000ed800000,0x00000000ed800000,0x00000000ef500000)
  from space 2048K, 99% used [0x00000000ef700000,0x00000000ef8fc010,0x00000000ef900000)
  to   space 2048K, 0% used [0x00000000ef500000,0x00000000ef500000,0x00000000ef700000)
 ParOldGen       total 38400K, used 1146K [0x00000000c8800000, 0x00000000cad80000, 0x00000000ed800000)
  object space 38400K, 2% used [0x00000000c8800000,0x00000000c891eaa8,0x00000000cad80000)
 Metaspace       used 9389K, capacity 9700K, committed 9984K, reserved 1058816K
  class space    used 1058K, capacity 1162K, committed 1280K, reserved 1048576K
}
Event: 8.279 GC heap before
{Heap before GC invocations=3 (full 0):
 PSYoungGen      total 31744K, used 31728K [0x00000000ed800000, 0x00000000ef900000, 0x0000000100000000)
  eden space 29696K, 100% used [0x00000000ed800000,0x00000000ef500000,0x00000000ef500000)
  from space 2048K, 99% used [0x00000000ef700000,0x00000000ef8fc010,0x00000000ef900000)
  to   space 2048K, 0% used [0x00000000ef500000,0x00000000ef500000,0x00000000ef700000)
 ParOldGen       total 38400K, used 1146K [0x00000000c8800000, 0x00000000cad80000, 0x00000000ed800000)
  object space 38400K, 2% used [0x00000000c8800000,0x00000000c891eaa8,0x00000000cad80000)
 Metaspace       used 12810K, capacity 13462K, committed 13568K, reserved 1060864K
  class space    used 1582K, capacity 1761K, committed 1792K, reserved 1048576K
Event: 8.294 GC heap after
Heap after GC invocations=3 (full 0):
 PSYoungGen      total 31744K, used 2016K [0x00000000ed800000, 0x00000000f1600000, 0x0000000100000000)
  eden space 29696K, 0% used [0x00000000ed800000,0x00000000ed800000,0x00000000ef500000)
  from space 2048K, 98% used [0x00000000ef500000,0x00000000ef6f8010,0x00000000ef700000)
  to   space 2048K, 0% used [0x00000000f1400000,0x00000000f1400000,0x00000000f1600000)
 ParOldGen       total 38400K, used 3490K [0x00000000c8800000, 0x00000000cad80000, 0x00000000ed800000)
  object space 38400K, 9% used [0x00000000c8800000,0x00000000c8b688b0,0x00000000cad80000)
 Metaspace       used 12810K, capacity 13462K, committed 13568K, reserved 1060864K
  class space    used 1582K, capacity 1761K, committed 1792K, reserved 1048576K
}

