# JRE version: Java(TM) SE Runtime Environment (8.0_201-b09) (build 1.8.0_201-b09)
# Java VM: Java HotSpot(TM) 64-Bit Server VM (25.201-b09 mixed mode windows-amd64 compressed oops)
Heap:
 PSYoungGen      total 16896K, used 7502K [0x00000000ed800000, 0x00000000eea80000, 0x0000000100000000)
  eden space 14848K, 50% used [0x00000000ed800000,0x00000000edf53968,0x00000000ee680000)
  from space 2048K, 0% used [0x00000000ee680000,0x00000000ee680000,0x00000000ee880000)
  to   space 2048K, 0% used [0x00000000ee880000,0x00000000ee880000,0x00000000eea80000)
 ParOldGen       total 28672K, used 1747K [0x00000000c8800000, 0x00000000ca400000, 0x00000000ed800000)
  object space 28672K, 6% used [0x00000000c8800000,0x00000000c89b4f30,0x00000000ca400000)
 Metaspace       used 8263K, capacity 8390K, committed 8704K, reserved 1058816K
  class space    used 938K, capacity 989K, committed 1024K, reserved 1048576K
GC Heap History (4 events):
Event: 2.200 GC heap before
{Heap before GC invocations=1 (full 0):
 PSYoungGen      total 16896K, used 13796K [0x00000000ed800000, 0x00000000eea80000, 0x0000000100000000)
  eden space 14848K, 92% used [0x00000000ed800000,0x00000000ee579268,0x00000000ee680000)
  from space 2048K, 0% used [0x00000000ee880000,0x00000000ee880000,0x00000000eea80000)
  to   space 2048K, 0% used [0x00000000ee680000,0x00000000ee680000,0x00000000ee880000)
 ParOldGen       total 38400K, used 0K [0x00000000c8800000, 0x00000000cad80000, 0x00000000ed800000)
  object space 38400K, 0% used [0x00000000c8800000,0x00000000c8800000,0x00000000cad80000)
 Metaspace       used 6541K, capacity 6630K, committed 6784K, reserved 1060864K
  class space    used 736K, capacity 785K, committed 896K, reserved 1048576K
Event: 2.208 GC heap after
Heap after GC invocations=1 (full 0):
 PSYoungGen      total 16896K, used 1893K [0x00000000ed800000, 0x00000000eea80000, 0x0000000100000000)
  eden space 14848K, 0% used [0x00000000ed800000,0x00000000ed800000,0x00000000ee680000)
  from space 2048K, 92% used [0x00000000ee680000,0x00000000ee859610,0x00000000ee880000)
  to   space 2048K, 0% used [0x00000000ee880000,0x00000000ee880000,0x00000000eea80000)
 ParOldGen       total 38400K, used 8K [0x00000000c8800000, 0x00000000cad80000, 0x00000000ed800000)
  object space 38400K, 0% used [0x00000000c8800000,0x00000000c8802000,0x00000000cad80000)
 Metaspace       used 6541K, capacity 6630K, committed 6784K, reserved 1060864K
  class space    used 736K, capacity 785K, committed 896K, reserved 1048576K
}
Event: 2.208 GC heap before
{Heap before GC invocations=2 (full 1):
 PSYoungGen      total 16896K, used 1893K [0x00000000ed800000, 0x00000000eea80000, 0x0000000100000000)
  eden space 14848K, 0% used [0x00000000ed800000,0x00000000ed800000,0x00000000ee680000)
  from space 2048K, 92% used [0x00000000ee680000,0x00000000ee859610,0x00000000ee880000)
  to   space 2048K, 0% used [0x00000000ee880000,0x00000000ee880000,0x00000000eea80000)
 ParOldGen       total 38400K, used 8K [0x00000000c8800000, 0x00000000cad80000, 0x00000000ed800000)
  object space 38400K, 0% used [0x00000000c8800000,0x00000000c8802000,0x00000000cad80000)
 Metaspace       used 6541K, capacity 6630K, committed 6784K, reserved 1060864K
  class space    used 736K, capacity 785K, committed 896K, reserved 1048576K
Event: 2.234 GC heap after
Heap after GC invocations=2 (full 1):
 PSYoungGen      total 16896K, used 0K [0x00000000ed800000, 0x00000000eea80000, 0x0000000100000000)
  eden space 14848K, 0% used [0x00000000ed800000,0x00000000ed800000,0x00000000ee680000)
  from space 2048K, 0% used [0x00000000ee680000,0x00000000ee680000,0x00000000ee880000)
  to   space 2048K, 0% used [0x00000000ee880000,0x00000000ee880000,0x00000000eea80000)
 ParOldGen       total 28672K, used 1747K [0x00000000c8800000, 0x00000000ca400000, 0x00000000ed800000)
  object space 28672K, 6% used [0x00000000c8800000,0x00000000c89b4f30,0x00000000ca400000)
 Metaspace       used 6541K, capacity 6630K, committed 6784K, reserved 1058816K
  class space    used 736K, capacity 785K, committed 896K, reserved 1048576K
}

